<?xml version="1.0" encoding="UTF-8"?>
<testsuite xmlns:xsi="http://www.w3.org/2001/XMLSchema-instance" xsi:noNamespaceSchemaLocation="https://maven.apache.org/surefire/maven-surefire-plugin/xsd/surefire-test-report.xsd" name="com.udemy.app.UdemyApiBootMeuPrimeiroProjetoApplicationTests" time="2.887" tests="1" errors="0" skipped="0" failures="0">
  <properties>
    <property name="sun.desktop" value="windows"/>
    <property name="awt.toolkit" value="sun.awt.windows.WToolkit"/>
    <property name="file.encoding.pkg" value="sun.io"/>
    <property name="java.specification.version" value="1.8"/>
    <property name="sun.cpu.isalist" value="amd64"/>
    <property name="sun.jnu.encoding" value="Cp1252"/>
    <property name="java.class.path" value="C:\workspace_udemy\workspace_api_boot_java8\udemy-api-boot-meu-primeiro-projeto\target\test-classes;C:\workspace_udemy\workspace_api_boot_java8\udemy-api-boot-meu-primeiro-projeto\target\classes;C:\workspace_udemy\maven-repository\org\springframework\boot\spring-boot-starter\2.0.3.RELEASE\spring-boot-starter-2.0.3.RELEASE.jar;C:\workspace_udemy\maven-repository\org\springframework\boot\spring-boot\2.0.3.RELEASE\spring-boot-2.0.3.RELEASE.jar;C:\workspace_udemy\maven-repository\org\springframework\spring-context\5.0.7.RELEASE\spring-context-5.0.7.RELEASE.jar;C:\workspace_udemy\maven-repository\org\springframework\spring-expression\5.0.7.RELEASE\spring-expression-5.0.7.RELEASE.jar;C:\workspace_udemy\maven-repository\org\springframework\boot\spring-boot-autoconfigure\2.0.3.RELEASE\spring-boot-autoconfigure-2.0.3.RELEASE.jar;C:\workspace_udemy\maven-repository\org\springframework\boot\spring-boot-starter-logging\2.0.3.RELEASE\spring-boot-starter-logging-2.0.3.RELEASE.jar;C:\workspace_udemy\maven-repository\ch\qos\logback\logback-classic\1.2.3\logback-classic-1.2.3.jar;C:\workspace_udemy\maven-repository\ch\qos\logback\logback-core\1.2.3\logback-core-1.2.3.jar;C:\workspace_udemy\maven-repository\org\apache\logging\log4j\log4j-to-slf4j\2.10.0\log4j-to-slf4j-2.10.0.jar;C:\workspace_udemy\maven-repository\org\apache\logging\log4j\log4j-api\2.10.0\log4j-api-2.10.0.jar;C:\workspace_udemy\maven-repository\org\slf4j\jul-to-slf4j\1.7.25\jul-to-slf4j-1.7.25.jar;C:\workspace_udemy\maven-repository\javax\annotation\javax.annotation-api\1.3.2\javax.annotation-api-1.3.2.jar;C:\workspace_udemy\maven-repository\org\springframework\spring-core\5.0.7.RELEASE\spring-core-5.0.7.RELEASE.jar;C:\workspace_udemy\maven-repository\org\springframework\spring-jcl\5.0.7.RELEASE\spring-jcl-5.0.7.RELEASE.jar;C:\workspace_udemy\maven-repository\org\yaml\snakeyaml\1.19\snakeyaml-1.19.jar;C:\workspace_udemy\maven-repository\org\springframework\boot\spring-boot-devtools\2.0.3.RELEASE\spring-boot-devtools-2.0.3.RELEASE.jar;C:\workspace_udemy\maven-repository\org\springframework\boot\spring-boot-starter-test\2.0.3.RELEASE\spring-boot-starter-test-2.0.3.RELEASE.jar;C:\workspace_udemy\maven-repository\org\springframework\boot\spring-boot-test\2.0.3.RELEASE\spring-boot-test-2.0.3.RELEASE.jar;C:\workspace_udemy\maven-repository\org\springframework\boot\spring-boot-test-autoconfigure\2.0.3.RELEASE\spring-boot-test-autoconfigure-2.0.3.RELEASE.jar;C:\workspace_udemy\maven-repository\com\jayway\jsonpath\json-path\2.4.0\json-path-2.4.0.jar;C:\workspace_udemy\maven-repository\net\minidev\json-smart\2.3\json-smart-2.3.jar;C:\workspace_udemy\maven-repository\net\minidev\accessors-smart\1.2\accessors-smart-1.2.jar;C:\workspace_udemy\maven-repository\org\ow2\asm\asm\5.0.4\asm-5.0.4.jar;C:\workspace_udemy\maven-repository\org\slf4j\slf4j-api\1.7.25\slf4j-api-1.7.25.jar;C:\workspace_udemy\maven-repository\junit\junit\4.12\junit-4.12.jar;C:\workspace_udemy\maven-repository\org\assertj\assertj-core\3.9.1\assertj-core-3.9.1.jar;C:\workspace_udemy\maven-repository\org\mockito\mockito-core\2.15.0\mockito-core-2.15.0.jar;C:\workspace_udemy\maven-repository\net\bytebuddy\byte-buddy\1.7.11\byte-buddy-1.7.11.jar;C:\workspace_udemy\maven-repository\net\bytebuddy\byte-buddy-agent\1.7.11\byte-buddy-agent-1.7.11.jar;C:\workspace_udemy\maven-repository\org\objenesis\objenesis\2.6\objenesis-2.6.jar;C:\workspace_udemy\maven-repository\org\hamcrest\hamcrest-core\1.3\hamcrest-core-1.3.jar;C:\workspace_udemy\maven-repository\org\hamcrest\hamcrest-library\1.3\hamcrest-library-1.3.jar;C:\workspace_udemy\maven-repository\org\skyscreamer\jsonassert\1.5.0\jsonassert-1.5.0.jar;C:\workspace_udemy\maven-repository\com\vaadin\external\google\android-json\0.0.20131108.vaadin1\android-json-0.0.20131108.vaadin1.jar;C:\workspace_udemy\maven-repository\org\springframework\spring-test\5.0.7.RELEASE\spring-test-5.0.7.RELEASE.jar;C:\workspace_udemy\maven-repository\org\xmlunit\xmlunit-core\2.5.1\xmlunit-core-2.5.1.jar;C:\workspace_udemy\maven-repository\org\springframework\boot\spring-boot-starter-data-jpa\2.0.3.RELEASE\spring-boot-starter-data-jpa-2.0.3.RELEASE.jar;C:\workspace_udemy\maven-repository\org\springframework\boot\spring-boot-starter-aop\2.0.3.RELEASE\spring-boot-starter-aop-2.0.3.RELEASE.jar;C:\workspace_udemy\maven-repository\org\springframework\spring-aop\5.0.7.RELEASE\spring-aop-5.0.7.RELEASE.jar;C:\workspace_udemy\maven-repository\org\aspectj\aspectjweaver\1.8.13\aspectjweaver-1.8.13.jar;C:\workspace_udemy\maven-repository\org\springframework\boot\spring-boot-starter-jdbc\2.0.3.RELEASE\spring-boot-starter-jdbc-2.0.3.RELEASE.jar;C:\workspace_udemy\maven-repository\com\zaxxer\HikariCP\2.7.9\HikariCP-2.7.9.jar;C:\workspace_udemy\maven-repository\org\springframework\spring-jdbc\5.0.7.RELEASE\spring-jdbc-5.0.7.RELEASE.jar;C:\workspace_udemy\maven-repository\org\hibernate\hibernate-core\5.2.17.Final\hibernate-core-5.2.17.Final.jar;C:\workspace_udemy\maven-repository\org\jboss\logging\jboss-logging\3.3.2.Final\jboss-logging-3.3.2.Final.jar;C:\workspace_udemy\maven-repository\org\hibernate\javax\persistence\hibernate-jpa-2.1-api\1.0.2.Final\hibernate-jpa-2.1-api-1.0.2.Final.jar;C:\workspace_udemy\maven-repository\org\javassist\javassist\3.22.0-GA\javassist-3.22.0-GA.jar;C:\workspace_udemy\maven-repository\antlr\antlr\2.7.7\antlr-2.7.7.jar;C:\workspace_udemy\maven-repository\org\jboss\jandex\2.0.3.Final\jandex-2.0.3.Final.jar;C:\workspace_udemy\maven-repository\com\fasterxml\classmate\1.3.4\classmate-1.3.4.jar;C:\workspace_udemy\maven-repository\dom4j\dom4j\1.6.1\dom4j-1.6.1.jar;C:\workspace_udemy\maven-repository\org\hibernate\common\hibernate-commons-annotations\5.0.1.Final\hibernate-commons-annotations-5.0.1.Final.jar;C:\workspace_udemy\maven-repository\javax\transaction\javax.transaction-api\1.2\javax.transaction-api-1.2.jar;C:\workspace_udemy\maven-repository\org\springframework\data\spring-data-jpa\2.0.8.RELEASE\spring-data-jpa-2.0.8.RELEASE.jar;C:\workspace_udemy\maven-repository\org\springframework\data\spring-data-commons\2.0.8.RELEASE\spring-data-commons-2.0.8.RELEASE.jar;C:\workspace_udemy\maven-repository\org\springframework\spring-orm\5.0.7.RELEASE\spring-orm-5.0.7.RELEASE.jar;C:\workspace_udemy\maven-repository\org\springframework\spring-tx\5.0.7.RELEASE\spring-tx-5.0.7.RELEASE.jar;C:\workspace_udemy\maven-repository\org\springframework\spring-beans\5.0.7.RELEASE\spring-beans-5.0.7.RELEASE.jar;C:\workspace_udemy\maven-repository\org\springframework\spring-aspects\5.0.7.RELEASE\spring-aspects-5.0.7.RELEASE.jar;"/>
    <property name="java.vm.vendor" value="Oracle Corporation"/>
    <property name="sun.arch.data.model" value="64"/>
    <property name="user.variant" value=""/>
    <property name="java.vendor.url" value="http://java.oracle.com/"/>
    <property name="user.timezone" value=""/>
    <property name="user.country.format" value="BR"/>
    <property name="java.vm.specification.version" value="1.8"/>
    <property name="os.name" value="Windows 10"/>
    <property name="user.country" value="US"/>
    <property name="sun.java.launcher" value="SUN_STANDARD"/>
    <property name="sun.boot.library.path" value="C:\workspace_udemy\java\jdk1.8.0_151\jre\bin"/>
    <property name="sun.java.command" value="C:\Users\SILVIO~1.ANG\AppData\Local\Temp\surefire7385281447061891414\surefirebooter8368800516202026483.jar C:\Users\silvio.angelo\AppData\Local\Temp\surefire7385281447061891414 2018-06-30T15-38-51_669-jvmRun1 surefire1359816451413235990tmp surefire_01966382645419439190tmp"/>
    <property name="surefire.test.class.path" value="C:\workspace_udemy\workspace_api_boot_java8\udemy-api-boot-meu-primeiro-projeto\target\test-classes;C:\workspace_udemy\workspace_api_boot_java8\udemy-api-boot-meu-primeiro-projeto\target\classes;C:\workspace_udemy\maven-repository\org\springframework\boot\spring-boot-starter\2.0.3.RELEASE\spring-boot-starter-2.0.3.RELEASE.jar;C:\workspace_udemy\maven-repository\org\springframework\boot\spring-boot\2.0.3.RELEASE\spring-boot-2.0.3.RELEASE.jar;C:\workspace_udemy\maven-repository\org\springframework\spring-context\5.0.7.RELEASE\spring-context-5.0.7.RELEASE.jar;C:\workspace_udemy\maven-repository\org\springframework\spring-expression\5.0.7.RELEASE\spring-expression-5.0.7.RELEASE.jar;C:\workspace_udemy\maven-repository\org\springframework\boot\spring-boot-autoconfigure\2.0.3.RELEASE\spring-boot-autoconfigure-2.0.3.RELEASE.jar;C:\workspace_udemy\maven-repository\org\springframework\boot\spring-boot-starter-logging\2.0.3.RELEASE\spring-boot-starter-logging-2.0.3.RELEASE.jar;C:\workspace_udemy\maven-repository\ch\qos\logback\logback-classic\1.2.3\logback-classic-1.2.3.jar;C:\workspace_udemy\maven-repository\ch\qos\logback\logback-core\1.2.3\logback-core-1.2.3.jar;C:\workspace_udemy\maven-repository\org\apache\logging\log4j\log4j-to-slf4j\2.10.0\log4j-to-slf4j-2.10.0.jar;C:\workspace_udemy\maven-repository\org\apache\logging\log4j\log4j-api\2.10.0\log4j-api-2.10.0.jar;C:\workspace_udemy\maven-repository\org\slf4j\jul-to-slf4j\1.7.25\jul-to-slf4j-1.7.25.jar;C:\workspace_udemy\maven-repository\javax\annotation\javax.annotation-api\1.3.2\javax.annotation-api-1.3.2.jar;C:\workspace_udemy\maven-repository\org\springframework\spring-core\5.0.7.RELEASE\spring-core-5.0.7.RELEASE.jar;C:\workspace_udemy\maven-repository\org\springframework\spring-jcl\5.0.7.RELEASE\spring-jcl-5.0.7.RELEASE.jar;C:\workspace_udemy\maven-repository\org\yaml\snakeyaml\1.19\snakeyaml-1.19.jar;C:\workspace_udemy\maven-repository\org\springframework\boot\spring-boot-devtools\2.0.3.RELEASE\spring-boot-devtools-2.0.3.RELEASE.jar;C:\workspace_udemy\maven-repository\org\springframework\boot\spring-boot-starter-test\2.0.3.RELEASE\spring-boot-starter-test-2.0.3.RELEASE.jar;C:\workspace_udemy\maven-repository\org\springframework\boot\spring-boot-test\2.0.3.RELEASE\spring-boot-test-2.0.3.RELEASE.jar;C:\workspace_udemy\maven-repository\org\springframework\boot\spring-boot-test-autoconfigure\2.0.3.RELEASE\spring-boot-test-autoconfigure-2.0.3.RELEASE.jar;C:\workspace_udemy\maven-repository\com\jayway\jsonpath\json-path\2.4.0\json-path-2.4.0.jar;C:\workspace_udemy\maven-repository\net\minidev\json-smart\2.3\json-smart-2.3.jar;C:\workspace_udemy\maven-repository\net\minidev\accessors-smart\1.2\accessors-smart-1.2.jar;C:\workspace_udemy\maven-repository\org\ow2\asm\asm\5.0.4\asm-5.0.4.jar;C:\workspace_udemy\maven-repository\org\slf4j\slf4j-api\1.7.25\slf4j-api-1.7.25.jar;C:\workspace_udemy\maven-repository\junit\junit\4.12\junit-4.12.jar;C:\workspace_udemy\maven-repository\org\assertj\assertj-core\3.9.1\assertj-core-3.9.1.jar;C:\workspace_udemy\maven-repository\org\mockito\mockito-core\2.15.0\mockito-core-2.15.0.jar;C:\workspace_udemy\maven-repository\net\bytebuddy\byte-buddy\1.7.11\byte-buddy-1.7.11.jar;C:\workspace_udemy\maven-repository\net\bytebuddy\byte-buddy-agent\1.7.11\byte-buddy-agent-1.7.11.jar;C:\workspace_udemy\maven-repository\org\objenesis\objenesis\2.6\objenesis-2.6.jar;C:\workspace_udemy\maven-repository\org\hamcrest\hamcrest-core\1.3\hamcrest-core-1.3.jar;C:\workspace_udemy\maven-repository\org\hamcrest\hamcrest-library\1.3\hamcrest-library-1.3.jar;C:\workspace_udemy\maven-repository\org\skyscreamer\jsonassert\1.5.0\jsonassert-1.5.0.jar;C:\workspace_udemy\maven-repository\com\vaadin\external\google\android-json\0.0.20131108.vaadin1\android-json-0.0.20131108.vaadin1.jar;C:\workspace_udemy\maven-repository\org\springframework\spring-test\5.0.7.RELEASE\spring-test-5.0.7.RELEASE.jar;C:\workspace_udemy\maven-repository\org\xmlunit\xmlunit-core\2.5.1\xmlunit-core-2.5.1.jar;C:\workspace_udemy\maven-repository\org\springframework\boot\spring-boot-starter-data-jpa\2.0.3.RELEASE\spring-boot-starter-data-jpa-2.0.3.RELEASE.jar;C:\workspace_udemy\maven-repository\org\springframework\boot\spring-boot-starter-aop\2.0.3.RELEASE\spring-boot-starter-aop-2.0.3.RELEASE.jar;C:\workspace_udemy\maven-repository\org\springframework\spring-aop\5.0.7.RELEASE\spring-aop-5.0.7.RELEASE.jar;C:\workspace_udemy\maven-repository\org\aspectj\aspectjweaver\1.8.13\aspectjweaver-1.8.13.jar;C:\workspace_udemy\maven-repository\org\springframework\boot\spring-boot-starter-jdbc\2.0.3.RELEASE\spring-boot-starter-jdbc-2.0.3.RELEASE.jar;C:\workspace_udemy\maven-repository\com\zaxxer\HikariCP\2.7.9\HikariCP-2.7.9.jar;C:\workspace_udemy\maven-repository\org\springframework\spring-jdbc\5.0.7.RELEASE\spring-jdbc-5.0.7.RELEASE.jar;C:\workspace_udemy\maven-repository\org\hibernate\hibernate-core\5.2.17.Final\hibernate-core-5.2.17.Final.jar;C:\workspace_udemy\maven-repository\org\jboss\logging\jboss-logging\3.3.2.Final\jboss-logging-3.3.2.Final.jar;C:\workspace_udemy\maven-repository\org\hibernate\javax\persistence\hibernate-jpa-2.1-api\1.0.2.Final\hibernate-jpa-2.1-api-1.0.2.Final.jar;C:\workspace_udemy\maven-repository\org\javassist\javassist\3.22.0-GA\javassist-3.22.0-GA.jar;C:\workspace_udemy\maven-repository\antlr\antlr\2.7.7\antlr-2.7.7.jar;C:\workspace_udemy\maven-repository\org\jboss\jandex\2.0.3.Final\jandex-2.0.3.Final.jar;C:\workspace_udemy\maven-repository\com\fasterxml\classmate\1.3.4\classmate-1.3.4.jar;C:\workspace_udemy\maven-repository\dom4j\dom4j\1.6.1\dom4j-1.6.1.jar;C:\workspace_udemy\maven-repository\org\hibernate\common\hibernate-commons-annotations\5.0.1.Final\hibernate-commons-annotations-5.0.1.Final.jar;C:\workspace_udemy\maven-repository\javax\transaction\javax.transaction-api\1.2\javax.transaction-api-1.2.jar;C:\workspace_udemy\maven-repository\org\springframework\data\spring-data-jpa\2.0.8.RELEASE\spring-data-jpa-2.0.8.RELEASE.jar;C:\workspace_udemy\maven-repository\org\springframework\data\spring-data-commons\2.0.8.RELEASE\spring-data-commons-2.0.8.RELEASE.jar;C:\workspace_udemy\maven-repository\org\springframework\spring-orm\5.0.7.RELEASE\spring-orm-5.0.7.RELEASE.jar;C:\workspace_udemy\maven-repository\org\springframework\spring-tx\5.0.7.RELEASE\spring-tx-5.0.7.RELEASE.jar;C:\workspace_udemy\maven-repository\org\springframework\spring-beans\5.0.7.RELEASE\spring-beans-5.0.7.RELEASE.jar;C:\workspace_udemy\maven-repository\org\springframework\spring-aspects\5.0.7.RELEASE\spring-aspects-5.0.7.RELEASE.jar;"/>
    <property name="sun.cpu.endian" value="little"/>
    <property name="user.home" value="C:\Users\silvio.angelo"/>
    <property name="user.language" value="en"/>
    <property name="java.specification.vendor" value="Oracle Corporation"/>
    <property name="java.home" value="C:\workspace_udemy\java\jdk1.8.0_151\jre"/>
    <property name="basedir" value="C:\workspace_udemy\workspace_api_boot_java8\udemy-api-boot-meu-primeiro-projeto"/>
    <property name="file.separator" value="\"/>
    <property name="line.separator" value="&#10;"/>
    <property name="java.vm.specification.vendor" value="Oracle Corporation"/>
    <property name="java.specification.name" value="Java Platform API Specification"/>
    <property name="java.awt.graphicsenv" value="sun.awt.Win32GraphicsEnvironment"/>
    <property name="surefire.real.class.path" value="C:\Users\SILVIO~1.ANG\AppData\Local\Temp\surefire7385281447061891414\surefirebooter8368800516202026483.jar"/>
    <property name="sun.boot.class.path" value="C:\workspace_udemy\java\jdk1.8.0_151\jre\lib\resources.jar;C:\workspace_udemy\java\jdk1.8.0_151\jre\lib\rt.jar;C:\workspace_udemy\java\jdk1.8.0_151\jre\lib\sunrsasign.jar;C:\workspace_udemy\java\jdk1.8.0_151\jre\lib\jsse.jar;C:\workspace_udemy\java\jdk1.8.0_151\jre\lib\jce.jar;C:\workspace_udemy\java\jdk1.8.0_151\jre\lib\charsets.jar;C:\workspace_udemy\java\jdk1.8.0_151\jre\lib\jfr.jar;C:\workspace_udemy\java\jdk1.8.0_151\jre\classes"/>
    <property name="user.script" value=""/>
    <property name="sun.management.compiler" value="HotSpot 64-Bit Tiered Compilers"/>
    <property name="java.runtime.version" value="1.8.0_151-b12"/>
    <property name="user.name" value="silvio.angelo"/>
    <property name="path.separator" value=";"/>
    <property name="os.version" value="10.0"/>
    <property name="java.endorsed.dirs" value="C:\workspace_udemy\java\jdk1.8.0_151\jre\lib\endorsed"/>
    <property name="java.runtime.name" value="Java(TM) SE Runtime Environment"/>
    <property name="file.encoding" value="Cp1252"/>
    <property name="java.vm.name" value="Java HotSpot(TM) 64-Bit Server VM"/>
    <property name="localRepository" value="C:\workspace_udemy\maven-repository"/>
    <property name="java.vendor.url.bug" value="http://bugreport.sun.com/bugreport/"/>
    <property name="java.io.tmpdir" value="C:\Users\SILVIO~1.ANG\AppData\Local\Temp\"/>
    <property name="java.version" value="1.8.0_151"/>
    <property name="user.dir" value="C:\workspace_udemy\workspace_api_boot_java8\udemy-api-boot-meu-primeiro-projeto"/>
    <property name="os.arch" value="amd64"/>
    <property name="java.vm.specification.name" value="Java Virtual Machine Specification"/>
    <property name="java.awt.printerjob" value="sun.awt.windows.WPrinterJob"/>
    <property name="user.language.format" value="pt"/>
    <property name="sun.os.patch.level" value=""/>
    <property name="java.library.path" value="C:\workspace_udemy\java\jdk1.8.0_151\jre\bin;C:\WINDOWS\Sun\Java\bin;C:\WINDOWS\system32;C:\WINDOWS;C:/Program Files/Java/jre1.8.0_161/bin/server;C:/Program Files/Java/jre1.8.0_161/bin;C:/Program Files/Java/jre1.8.0_161/lib/amd64;C:\oraclexe\app\oracle\product\11.2.0\server\bin;C:\ProgramData\Oracle\Java\javapath;C:\WINDOWS\system32;C:\WINDOWS;C:\WINDOWS\System32\Wbem;C:\WINDOWS\System32\WindowsPowerShell\v1.0\;C:\Program Files\Borland\StarTeam SDK 14.0\lib;C:\Program Files\Borland\StarTeam SDK 14.0\bin;C:\Program Files\TortoiseSVN\bin;C:\Program Files\Apache\apache-maven-3.5.2\bin;C:\Program Files\Java\jdk1.8.0_151\bin;C:\UNIXTOOLS\iconv\bin;C:\oraclexe\app\oracle\product\11.2.0\server\network\ADMIN;C:\Program Files (x86)\Git\cmd;C:\Program Files (x86)\GitExtensions\;C:\Program Files\nodejs\;C:\ProgramData\Oracle\Java\javapath;C:\windows\system32;C:\windows;C:\windows\System32\Wbem;C:\windows\System32\WindowsPowerShell\v1.0\;C:\Program Files\Borland\StarTeam SDK 14.0\lib;C:\Program Files\Borland\StarTeam SDK 14.0\bin;C:\Program Files\TortoiseSVN\bin;C:\Users\silvio.angelo\AppData\Local\atom\bin;C:\Users\silvio.angelo\AppData\Local\GitHubDesktop\bin;C:\Users\silvio.angelo\AppData\Local\Programs\Git\cmd;C:\Users\silvio.angelo\AppData\Local\Microsoft\WindowsApps;;C:\Program Files\Microsoft VS Code\bin;C:\Users\silvio.angelo\AppData\Roaming\npm;C:\workspace_udemy\tools\sts-bundle\sts-3.9.4.RELEASE;;."/>
    <property name="java.vm.info" value="mixed mode"/>
    <property name="java.vendor" value="Oracle Corporation"/>
    <property name="java.vm.version" value="25.151-b12"/>
    <property name="java.ext.dirs" value="C:\workspace_udemy\java\jdk1.8.0_151\jre\lib\ext;C:\WINDOWS\Sun\Java\lib\ext"/>
    <property name="sun.io.unicode.encoding" value="UnicodeLittle"/>
    <property name="java.class.version" value="52.0"/>
  </properties>
  <testcase name="contextLoads" classname="com.udemy.app.UdemyApiBootMeuPrimeiroProjetoApplicationTests" time="0.274"/>
</testsuite>